;  LST file generated by mikroListExporter - v.2.0 
; Date/Time: 24.04.2020 22:25:45
;----------------------------------------------

;Address Opcode 	ASM
0x0000	0x282D      	GOTO       45
_interrupt:
0x0004	0x00FF      	MOVWF      R15
0x0005	0x0E03      	SWAPF      STATUS, 0
0x0006	0x0183      	CLRF       STATUS
0x0007	0x00A4      	MOVWF      ___saveSTATUS
0x0008	0x080A      	MOVF       PCLATH, 0
0x0009	0x00A5      	MOVWF      ___savePCLATH
0x000A	0x018A      	CLRF       PCLATH
;onuncu_hafta_timer0_first.c,18 :: 		void interrupt (void) {
;onuncu_hafta_timer0_first.c,19 :: 		if(TMR0IF_bit) {            // TMR0 kesmesi oluþmus mu
0x000B	0x1D0B      	BTFSS      TMR0IF_bit, BitPos(TMR0IF_bit+0)
0x000C	0x2813      	GOTO       L_interrupt5
;onuncu_hafta_timer0_first.c,20 :: 		cnt++;                   // Her kesmede cnt içeriði 1 arttýrýlýyor
0x000D	0x0AA2      	INCF       _cnt, 1
0x000E	0x1903      	BTFSC      STATUS, 2
0x000F	0x0AA3      	INCF       _cnt+1, 1
;onuncu_hafta_timer0_first.c,21 :: 		TMR0=158;                // TMR0 kaydedicisine öndeðer yuklendi
0x0010	0x309E      	MOVLW      158
0x0011	0x0081      	MOVWF      TMR0
;onuncu_hafta_timer0_first.c,22 :: 		TMR0IF_bit=0;            // TMR0IF sýfýrlandý
0x0012	0x110B      	BCF        TMR0IF_bit, BitPos(TMR0IF_bit+0)
;onuncu_hafta_timer0_first.c,23 :: 		}
L_interrupt5:
;onuncu_hafta_timer0_first.c,24 :: 		}
L_end_interrupt:
L__interrupt9:
0x0013	0x0825      	MOVF       ___savePCLATH, 0
0x0014	0x008A      	MOVWF      PCLATH
0x0015	0x0E24      	SWAPF      ___saveSTATUS, 0
0x0016	0x0083      	MOVWF      STATUS
0x0017	0x0EFF      	SWAPF      R15, 1
0x0018	0x0E7F      	SWAPF      R15, 0
0x0019	0x0009      	RETFIE
; end of _interrupt
_____DoICP:
;__Lib_System.c,6 :: 		
;__Lib_System.c,9 :: 		
0x001A	0x1283      	BCF        STATUS, 5
0x001B	0x1303      	BCF        STATUS, 6
0x001C	0x0821      	MOVF       ___DoICPAddr+1, 0
0x001D	0x008A      	MOVWF      PCLATH
;__Lib_System.c,10 :: 		
0x001E	0x0820      	MOVF       ___DoICPAddr, 0
0x001F	0x0082      	MOVWF      PCL
;__Lib_System.c,12 :: 		
L_end_____DoICP:
0x0020	0x0008      	RETURN
; end of _____DoICP
___CC2DW:
;__Lib_System.c,134 :: 		
;__Lib_System.c,137 :: 		
_CC2D_Loop1:
;__Lib_System.c,139 :: 		
0x0021	0x201A      	CALL       _____DoICP
0x0022	0x118A      	BCF        PCLATH, 3
0x0023	0x120A      	BCF        PCLATH, 4
;__Lib_System.c,141 :: 		
0x0024	0x0080      	MOVWF      INDF
;__Lib_System.c,142 :: 		
0x0025	0x0A84      	INCF       FSR, 1
;__Lib_System.c,143 :: 		
0x0026	0x0AA0      	INCF       ___DoICPAddr, 1
;__Lib_System.c,145 :: 		
0x0027	0x1903      	BTFSC      STATUS, 2
;__Lib_System.c,146 :: 		
0x0028	0x0AA1      	INCF       ___DoICPAddr+1, 1
;__Lib_System.c,147 :: 		
0x0029	0x03F0      	DECF       R0, 1
;__Lib_System.c,149 :: 		
0x002A	0x1D03      	BTFSS      STATUS, 2
;__Lib_System.c,150 :: 		
0x002B	0x2821      	GOTO       _CC2D_Loop1
;__Lib_System.c,152 :: 		
L_end___CC2DW:
0x002C	0x0008      	RETURN
; end of ___CC2DW
_main:
;onuncu_hafta_timer0_first.c,2 :: 		void main() {
;onuncu_hafta_timer0_first.c,3 :: 		cnt = 0;
0x002D	0x1283      	BCF        STATUS, 5
0x002E	0x1303      	BCF        STATUS, 6
0x002F	0x01A2      	CLRF       _cnt
0x0030	0x01A3      	CLRF       _cnt+1
;onuncu_hafta_timer0_first.c,4 :: 		TRISB=0;                    // PORTB cýkýs olarak ayarlanýyor
0x0031	0x1683      	BSF        STATUS, 5
0x0032	0x0186      	CLRF       TRISB
;onuncu_hafta_timer0_first.c,5 :: 		PORTB.RB0=0;                // PORTB.RB0 sýfýrlanýyor
0x0033	0x1283      	BCF        STATUS, 5
0x0034	0x1006      	BCF        PORTB, 0
;onuncu_hafta_timer0_first.c,6 :: 		OPTION_REG=0xc7;            // TMR0 8 bit modunda, prescaler 111=256
0x0035	0x30C7      	MOVLW      199
0x0036	0x1683      	BSF        STATUS, 5
0x0037	0x0081      	MOVWF      OPTION_REG
;onuncu_hafta_timer0_first.c,7 :: 		INTCON=0xC0;                // GIE, PEIE bitleri set edildi
0x0038	0x30C0      	MOVLW      192
0x0039	0x008B      	MOVWF      INTCON
;onuncu_hafta_timer0_first.c,8 :: 		TMR0IE_bit=1;               // TMR0 kesmesi aktif edildi
0x003A	0x168B      	BSF        TMR0IE_bit, BitPos(TMR0IE_bit+0)
;onuncu_hafta_timer0_first.c,11 :: 		while(1){
L_main0:
;onuncu_hafta_timer0_first.c,12 :: 		if(cnt>=100) {          // cnt x 100 = 500
0x003B	0x3000      	MOVLW      0
0x003C	0x1283      	BCF        STATUS, 5
0x003D	0x0223      	SUBWF      _cnt+1, 0
0x003E	0x1D03      	BTFSS      STATUS, 2
0x003F	0x2842      	GOTO       L__main7
0x0040	0x3064      	MOVLW      100
0x0041	0x0222      	SUBWF      _cnt, 0
L__main7:
0x0042	0x1C03      	BTFSS      STATUS, 0
0x0043	0x2848      	GOTO       L_main2
;onuncu_hafta_timer0_first.c,13 :: 		portb.rb0=~portb.rb0;
0x0044	0x3001      	MOVLW      1
0x0045	0x0686      	XORWF      PORTB, 1
;onuncu_hafta_timer0_first.c,14 :: 		cnt=0;               // cnt resetlendi
0x0046	0x01A2      	CLRF       _cnt
0x0047	0x01A3      	CLRF       _cnt+1
;onuncu_hafta_timer0_first.c,15 :: 		}
L_main2:
;onuncu_hafta_timer0_first.c,16 :: 		} while(1);
0x0048	0x283B      	GOTO       L_main0
;onuncu_hafta_timer0_first.c,17 :: 		}
L_end_main:
0x0049	0x2849      	GOTO       $+0
; end of _main
Symbol List:
//** Routines locations **
//ADDRESS    SIZE    PROCEDURE
//----------------------------------------------
0x0004      [22]    _interrupt
0x001A       [7]    _____DoICP
0x0021      [12]    ___CC2DW
0x002D      [29]    _main
//** Variables locations ** 
//ADDRESS    SIZE    VARIABLE
//----------------------------------------------
0x0000       [1]    INDF
0x0001       [1]    TMR0
0x0002       [1]    PCL
0x0003       [1]    STATUS
0x0004       [1]    FSR
0x0006       [1]    PORTB
0x000A       [1]    PCLATH
0x000B       [1]    INTCON
0x000B       [0]    TMR0IE_bit
0x000B       [0]    TMR0IF_bit
0x0020       [2]    ___DoICPAddr
0x0022       [2]    _cnt
0x0024       [1]    ___saveSTATUS
0x0025       [1]    ___savePCLATH
0x0070       [1]    R0
0x0071       [1]    R1
0x0072       [1]    R2
0x0073       [1]    R3
0x0074       [1]    R4
0x0075       [1]    R5
0x0076       [1]    R6
0x0077       [1]    R7
0x0078       [1]    R8
0x0079       [1]    R9
0x007A       [1]    R10
0x007B       [1]    R11
0x007C       [1]    R12
0x007D       [1]    R13
0x007E       [1]    R14
0x007F       [1]    R15
0x0081       [1]    OPTION_REG
0x0086       [1]    TRISB
