;  LST file generated by mikroListExporter - v.2.0 
; Date/Time: 11.05.2020 04:21:10
;----------------------------------------------

;Address Opcode 	ASM
0x0000	0x281A      	GOTO       26
_interrupt:
0x0004	0x00FF      	MOVWF      R15
0x0005	0x0E03      	SWAPF      STATUS, 0
0x0006	0x0183      	CLRF       STATUS
0x0007	0x00A4      	MOVWF      ___saveSTATUS
0x0008	0x080A      	MOVF       PCLATH, 0
0x0009	0x00A5      	MOVWF      ___savePCLATH
0x000A	0x018A      	CLRF       PCLATH
;onikinci_hafta_timer2.c,22 :: 		void interrupt (void) {
;onikinci_hafta_timer2.c,23 :: 		if(PIR1.TMR2IF) {           // TMR2 kesmesi oluþmus mu
0x000B	0x1C8C      	BTFSS      PIR1, 1
0x000C	0x2813      	GOTO       L_interrupt5
;onikinci_hafta_timer2.c,24 :: 		cnt++;                   // Her kesmede cnt içeriði 1 arttýrýlýyor
0x000D	0x0AA2      	INCF       _cnt, 1
0x000E	0x1903      	BTFSC      STATUS, 2
0x000F	0x0AA3      	INCF       _cnt+1, 1
;onikinci_hafta_timer2.c,25 :: 		TMR2 = 6;
0x0010	0x3006      	MOVLW      6
0x0011	0x0091      	MOVWF      TMR2
;onikinci_hafta_timer2.c,26 :: 		PIR1.TMR2IF =0;          // TMR2IF sýfýrlandý
0x0012	0x108C      	BCF        PIR1, 1
;onikinci_hafta_timer2.c,27 :: 		}
L_interrupt5:
;onikinci_hafta_timer2.c,28 :: 		}
L_end_interrupt:
L__interrupt9:
0x0013	0x0825      	MOVF       ___savePCLATH, 0
0x0014	0x008A      	MOVWF      PCLATH
0x0015	0x0E24      	SWAPF      ___saveSTATUS, 0
0x0016	0x0083      	MOVWF      STATUS
0x0017	0x0EFF      	SWAPF      R15, 1
0x0018	0x0E7F      	SWAPF      R15, 0
0x0019	0x0009      	RETFIE
; end of _interrupt
_main:
;onikinci_hafta_timer2.c,2 :: 		void main() {
;onikinci_hafta_timer2.c,3 :: 		cnt = 0;                     // sayici
0x001A	0x1283      	BCF        STATUS, 5
0x001B	0x1303      	BCF        STATUS, 6
0x001C	0x01A2      	CLRF       _cnt
0x001D	0x01A3      	CLRF       _cnt+1
;onikinci_hafta_timer2.c,4 :: 		TRISB= 0;                    // PORTB cýkýs olarak ayarlanýyor
0x001E	0x1683      	BSF        STATUS, 5
0x001F	0x0186      	CLRF       TRISB
;onikinci_hafta_timer2.c,5 :: 		PORTB= 0x55;                 // PORTB ayarlandý
0x0020	0x3055      	MOVLW      85
0x0021	0x1283      	BCF        STATUS, 5
0x0022	0x0086      	MOVWF      PORTB
;onikinci_hafta_timer2.c,6 :: 		TMR2 = 6;
0x0023	0x3006      	MOVLW      6
0x0024	0x0091      	MOVWF      TMR2
;onikinci_hafta_timer2.c,9 :: 		T2CON = 0x05;
0x0025	0x3005      	MOVLW      5
0x0026	0x0092      	MOVWF      T2CON
;onikinci_hafta_timer2.c,12 :: 		INTCON = 0xC0;              // GIE, PEIE bitleri set verildi
0x0027	0x30C0      	MOVLW      192
0x0028	0x008B      	MOVWF      INTCON
;onikinci_hafta_timer2.c,13 :: 		PIE1.TMR2IE=1;              // TMR2 kesmesi katif edildi
0x0029	0x1683      	BSF        STATUS, 5
0x002A	0x148C      	BSF        PIE1, 1
;onikinci_hafta_timer2.c,15 :: 		while(1){
L_main0:
;onikinci_hafta_timer2.c,16 :: 		if(cnt>=1000) {          // cnt x 100 = 500
0x002B	0x3003      	MOVLW      3
0x002C	0x1283      	BCF        STATUS, 5
0x002D	0x0223      	SUBWF      _cnt+1, 0
0x002E	0x1D03      	BTFSS      STATUS, 2
0x002F	0x2832      	GOTO       L__main7
0x0030	0x30E8      	MOVLW      232
0x0031	0x0222      	SUBWF      _cnt, 0
L__main7:
0x0032	0x1C03      	BTFSS      STATUS, 0
0x0033	0x2837      	GOTO       L_main2
;onikinci_hafta_timer2.c,17 :: 		portb=~portb;
0x0034	0x0986      	COMF       PORTB, 1
;onikinci_hafta_timer2.c,18 :: 		cnt=0;               // cnt resetlendi
0x0035	0x01A2      	CLRF       _cnt
0x0036	0x01A3      	CLRF       _cnt+1
;onikinci_hafta_timer2.c,19 :: 		}
L_main2:
;onikinci_hafta_timer2.c,20 :: 		} while(1);
0x0037	0x282B      	GOTO       L_main0
;onikinci_hafta_timer2.c,21 :: 		}
L_end_main:
0x0038	0x2838      	GOTO       $+0
; end of _main
Symbol List:
//** Routines locations **
//ADDRESS    SIZE    PROCEDURE
//----------------------------------------------
0x0004      [22]    _interrupt
0x001A      [31]    _main
//** Variables locations ** 
//ADDRESS    SIZE    VARIABLE
//----------------------------------------------
0x0000       [1]    INDF
0x0003       [1]    STATUS
0x0004       [1]    FSR
0x0006       [1]    PORTB
0x000A       [1]    PCLATH
0x000B       [1]    INTCON
0x000C       [1]    PIR1
0x0011       [1]    TMR2
0x0012       [1]    T2CON
0x0020       [2]    ___DoICPAddr
0x0022       [2]    _cnt
0x0024       [1]    ___saveSTATUS
0x0025       [1]    ___savePCLATH
0x0070       [1]    R0
0x0071       [1]    R1
0x0072       [1]    R2
0x0073       [1]    R3
0x0074       [1]    R4
0x0075       [1]    R5
0x0076       [1]    R6
0x0077       [1]    R7
0x0078       [1]    R8
0x0079       [1]    R9
0x007A       [1]    R10
0x007B       [1]    R11
0x007C       [1]    R12
0x007D       [1]    R13
0x007E       [1]    R14
0x007F       [1]    R15
0x0086       [1]    TRISB
0x008C       [1]    PIE1
