;  LST file generated by mikroListExporter - v.2.0 
; Date/Time: 18.05.2020 04:54:34
;----------------------------------------------

;Address Opcode 	ASM
0x0000	0x2819      	GOTO       25
_interrupt:
0x0004	0x00FF      	MOVWF      R15
0x0005	0x0E03      	SWAPF      STATUS, 0
0x0006	0x0183      	CLRF       STATUS
0x0007	0x00A2      	MOVWF      ___saveSTATUS
0x0008	0x080A      	MOVF       PCLATH, 0
0x0009	0x00A3      	MOVWF      ___savePCLATH
0x000A	0x018A      	CLRF       PCLATH
;on_c_nc__hafta_capture.c,1 :: 		void interrupt()
;on_c_nc__hafta_capture.c,3 :: 		if(CCP1IF_bit) {
0x000B	0x1D0C      	BTFSS      CCP1IF_bit, BitPos(CCP1IF_bit+0)
0x000C	0x2811      	GOTO       L_interrupt0
;on_c_nc__hafta_capture.c,4 :: 		portb++;         // CCP1 yakalama oluþtu, portb içeriðini 1 artýr
0x000D	0x0A06      	INCF       PORTB, 0
0x000E	0x00F0      	MOVWF      R0
0x000F	0x0870      	MOVF       R0, 0
0x0010	0x0086      	MOVWF      PORTB
;on_c_nc__hafta_capture.c,5 :: 		}                // TMR1'in içeriði otomatik olarak CCPR1 içeriðine aktarýldý
L_interrupt0:
;on_c_nc__hafta_capture.c,6 :: 		CCP1IF_bit = 0;  // CCP1IF bayraðý temizlendi
0x0011	0x110C      	BCF        CCP1IF_bit, BitPos(CCP1IF_bit+0)
;on_c_nc__hafta_capture.c,7 :: 		}
L_end_interrupt:
L__interrupt4:
0x0012	0x0823      	MOVF       ___savePCLATH, 0
0x0013	0x008A      	MOVWF      PCLATH
0x0014	0x0E22      	SWAPF      ___saveSTATUS, 0
0x0015	0x0083      	MOVWF      STATUS
0x0016	0x0EFF      	SWAPF      R15, 1
0x0017	0x0E7F      	SWAPF      R15, 0
0x0018	0x0009      	RETFIE
; end of _interrupt
_main:
;on_c_nc__hafta_capture.c,8 :: 		void main() {
;on_c_nc__hafta_capture.c,9 :: 		ADCON1 = 0x07;  // AN pinleri dijital I/O yapýlandýrýldý
0x0019	0x3007      	MOVLW      7
0x001A	0x1683      	BSF        STATUS, 5
0x001B	0x1303      	BCF        STATUS, 6
0x001C	0x009F      	MOVWF      ADCON1
;on_c_nc__hafta_capture.c,10 :: 		CMCON = 0;      // Comparators (karýþtýrýcýlar) pasif edildi
0x001D	0x019C      	CLRF       CMCON
;on_c_nc__hafta_capture.c,11 :: 		TRISB = 0x00;   // PORTB çýkýþ yapýldý
0x001E	0x0186      	CLRF       TRISB
;on_c_nc__hafta_capture.c,12 :: 		PORTB = 0x00;   // PORTB temizlendi
0x001F	0x1283      	BCF        STATUS, 5
0x0020	0x0186      	CLRF       PORTB
;on_c_nc__hafta_capture.c,13 :: 		TMR1L = 0x00;   // TMT1L ve TMR1H kaydedici çifti sýfýrlandý
0x0021	0x018E      	CLRF       TMR1L
;on_c_nc__hafta_capture.c,14 :: 		TMR1H = 0X00;
0x0022	0x018F      	CLRF       TMR1H
;on_c_nc__hafta_capture.c,15 :: 		T1CON = 0x33;   // TMR1 1:8 prescaler ve T13CKI giriþinden gelen
0x0023	0x3033      	MOVLW      51
0x0024	0x0090      	MOVWF      T1CON
;on_c_nc__hafta_capture.c,17 :: 		TRISC.RC2 = 1;  // RC2 pini giriþ yapýldý
0x0025	0x1683      	BSF        STATUS, 5
0x0026	0x1507      	BSF        TRISC, 2
;on_c_nc__hafta_capture.c,18 :: 		CCPR1L = 0x00;  // CCPR1L ve CCPR1H kaydedici içeriði temizlendi
0x0027	0x1283      	BCF        STATUS, 5
0x0028	0x0195      	CLRF       CCPR1L
;on_c_nc__hafta_capture.c,19 :: 		CCPR1H = 0x00;
0x0029	0x0196      	CLRF       CCPR1H
;on_c_nc__hafta_capture.c,20 :: 		CCP1CON = 0x06; // CCP1 donanýmý sinyalin her yükselen 4. kenarýný
0x002A	0x3006      	MOVLW      6
0x002B	0x0097      	MOVWF      CCP1CON
;on_c_nc__hafta_capture.c,21 :: 		CCP1IE_bit = 1; // yakalar. CCP1 donanýmý aktif edildi
0x002C	0x1683      	BSF        STATUS, 5
0x002D	0x150C      	BSF        CCP1IE_bit, BitPos(CCP1IE_bit+0)
;on_c_nc__hafta_capture.c,22 :: 		INTCON = 0xC0;  // GIE, PEIE bitleri set edildi
0x002E	0x30C0      	MOVLW      192
0x002F	0x008B      	MOVWF      INTCON
;on_c_nc__hafta_capture.c,24 :: 		while(1);       // Sonsuz döngü
L_main1:
0x0030	0x2830      	GOTO       L_main1
;on_c_nc__hafta_capture.c,26 :: 		}
L_end_main:
0x0031	0x2831      	GOTO       $+0
; end of _main
Symbol List:
//** Routines locations **
//ADDRESS    SIZE    PROCEDURE
//----------------------------------------------
0x0004      [21]    _interrupt
0x0019      [25]    _main
//** Variables locations ** 
//ADDRESS    SIZE    VARIABLE
//----------------------------------------------
0x0000       [1]    INDF
0x0003       [1]    STATUS
0x0004       [1]    FSR
0x0006       [1]    PORTB
0x000A       [1]    PCLATH
0x000B       [1]    INTCON
0x000C       [0]    CCP1IF_bit
0x000E       [1]    TMR1L
0x000F       [1]    TMR1H
0x0010       [1]    T1CON
0x0015       [1]    CCPR1L
0x0016       [1]    CCPR1H
0x0017       [1]    CCP1CON
0x0020       [2]    ___DoICPAddr
0x0022       [1]    ___saveSTATUS
0x0023       [1]    ___savePCLATH
0x0070       [1]    R0
0x0071       [1]    R1
0x0072       [1]    R2
0x0073       [1]    R3
0x0074       [1]    R4
0x0075       [1]    R5
0x0076       [1]    R6
0x0077       [1]    R7
0x0078       [1]    R8
0x0079       [1]    R9
0x007A       [1]    R10
0x007B       [1]    R11
0x007C       [1]    R12
0x007D       [1]    R13
0x007E       [1]    R14
0x007F       [1]    R15
0x0086       [1]    TRISB
0x0087       [1]    TRISC
0x008C       [0]    CCP1IE_bit
0x009C       [1]    CMCON
0x009F       [1]    ADCON1
