;  LST file generated by mikroListExporter - v.2.0 
; Date/Time: 24.04.2020 04:34:40
;----------------------------------------------

;Address Opcode 	ASM
0x0000	0x2836      	GOTO       54
_interrupt:
0x0004	0x00FF      	MOVWF      R15
0x0005	0x0E03      	SWAPF      STATUS, 0
0x0006	0x0183      	CLRF       STATUS
0x0007	0x00A3      	MOVWF      ___saveSTATUS
0x0008	0x080A      	MOVF       PCLATH, 0
0x0009	0x00A2      	MOVWF      ___savePCLATH
0x000A	0x018A      	CLRF       PCLATH
;interrupt_app2_odev.c,12 :: 		void interrupt(void)
;interrupt_app2_odev.c,14 :: 		if(INTCON.RBIF)                // RB4..RB7 kesme olusmus mu diye bakýlýyor
0x000B	0x1C0B      	BTFSS      INTCON, 0
0x000C	0x282F      	GOTO       L_interrupt2
;interrupt_app2_odev.c,16 :: 		INTCON.GIE = 0;          // Kesme varsa, baska kesme gelmemesi için kesme sýfýrlanýyor
0x000D	0x138B      	BCF        INTCON, 7
;interrupt_app2_odev.c,17 :: 		if(portb.rb4) {
0x000E	0x1E06      	BTFSS      PORTB, 4
0x000F	0x2816      	GOTO       L_interrupt3
;interrupt_app2_odev.c,18 :: 		portb.rb0 = ~portb.rb0;
0x0010	0x3001      	MOVLW      1
0x0011	0x0686      	XORWF      PORTB, 1
;interrupt_app2_odev.c,19 :: 		portb.rb1=0;   portb.rb2=0;   portb.rb3=0;
0x0012	0x1086      	BCF        PORTB, 1
0x0013	0x1106      	BCF        PORTB, 2
0x0014	0x1186      	BCF        PORTB, 3
;interrupt_app2_odev.c,20 :: 		}
0x0015	0x282D      	GOTO       L_interrupt4
L_interrupt3:
;interrupt_app2_odev.c,21 :: 		else if(portb.rb5) {
0x0016	0x1E86      	BTFSS      PORTB, 5
0x0017	0x281E      	GOTO       L_interrupt5
;interrupt_app2_odev.c,22 :: 		portb.rb1 = ~portb.rb1;
0x0018	0x3002      	MOVLW      2
0x0019	0x0686      	XORWF      PORTB, 1
;interrupt_app2_odev.c,23 :: 		portb.rb0=0;   portb.rb2=0;   portb.rb3=0;
0x001A	0x1006      	BCF        PORTB, 0
0x001B	0x1106      	BCF        PORTB, 2
0x001C	0x1186      	BCF        PORTB, 3
;interrupt_app2_odev.c,24 :: 		}
0x001D	0x282D      	GOTO       L_interrupt6
L_interrupt5:
;interrupt_app2_odev.c,25 :: 		else if(portb.rb6) {
0x001E	0x1F06      	BTFSS      PORTB, 6
0x001F	0x2826      	GOTO       L_interrupt7
;interrupt_app2_odev.c,26 :: 		portb.rb2 = ~portb.rb2;
0x0020	0x3004      	MOVLW      4
0x0021	0x0686      	XORWF      PORTB, 1
;interrupt_app2_odev.c,27 :: 		portb.rb0=0;   portb.rb1=0;   portb.rb3=0;
0x0022	0x1006      	BCF        PORTB, 0
0x0023	0x1086      	BCF        PORTB, 1
0x0024	0x1186      	BCF        PORTB, 3
;interrupt_app2_odev.c,28 :: 		}
0x0025	0x282D      	GOTO       L_interrupt8
L_interrupt7:
;interrupt_app2_odev.c,29 :: 		else if(portb.rb7) {
0x0026	0x1F86      	BTFSS      PORTB, 7
0x0027	0x282D      	GOTO       L_interrupt9
;interrupt_app2_odev.c,30 :: 		portb.rb3 = ~portb.rb3;
0x0028	0x3008      	MOVLW      8
0x0029	0x0686      	XORWF      PORTB, 1
;interrupt_app2_odev.c,31 :: 		portb.rb0=0;   portb.rb1=0;   portb.rb2=0;
0x002A	0x1006      	BCF        PORTB, 0
0x002B	0x1086      	BCF        PORTB, 1
0x002C	0x1106      	BCF        PORTB, 2
;interrupt_app2_odev.c,32 :: 		}
L_interrupt9:
L_interrupt8:
L_interrupt6:
L_interrupt4:
;interrupt_app2_odev.c,33 :: 		portb = portb;           // Son deðiþikliklerin algýlanmasý için portb'yi bir kere oku
;interrupt_app2_odev.c,34 :: 		INTCON.RBIF = 0;         // Tekrar dýþ kesme alýnabilmesi için kesme bayraðý temizleniyor
0x002D	0x100B      	BCF        INTCON, 0
;interrupt_app2_odev.c,35 :: 		INTCON.GIE = 1;          // Tekrar kesme alýnabilmesi için genel kesme bayraðý set ediliyor
0x002E	0x178B      	BSF        INTCON, 7
;interrupt_app2_odev.c,36 :: 		}
L_interrupt2:
;interrupt_app2_odev.c,37 :: 		}
L_end_interrupt:
L__interrupt12:
0x002F	0x0822      	MOVF       ___savePCLATH, 0
0x0030	0x008A      	MOVWF      PCLATH
0x0031	0x0E23      	SWAPF      ___saveSTATUS, 0
0x0032	0x0083      	MOVWF      STATUS
0x0033	0x0EFF      	SWAPF      R15, 1
0x0034	0x0E7F      	SWAPF      R15, 0
0x0035	0x0009      	RETFIE
; end of _interrupt
_main:
;interrupt_app2_odev.c,1 :: 		void main(void) {
;interrupt_app2_odev.c,2 :: 		TRISB = 0xF0;             //rb4..rb7 giriþ, diðerleri çýkýþ
0x0036	0x30F0      	MOVLW      240
0x0037	0x1683      	BSF        STATUS, 5
0x0038	0x1303      	BCF        STATUS, 6
0x0039	0x0086      	MOVWF      TRISB
;interrupt_app2_odev.c,3 :: 		PORTB = 0x00;
0x003A	0x1283      	BCF        STATUS, 5
0x003B	0x0186      	CLRF       PORTB
;interrupt_app2_odev.c,5 :: 		INTCON.RBIF = 0;          // RB4..RB7 kesme bayrak biti (1: kesme olustu, 0: kesme olusmadý)
0x003C	0x100B      	BCF        INTCON, 0
;interrupt_app2_odev.c,6 :: 		INTCON.RBIE = 1;          // RB4..RB7 kesme izni veriliyor
0x003D	0x158B      	BSF        INTCON, 3
;interrupt_app2_odev.c,7 :: 		INTCON.GIE = 1;           // Tüm kesme iþlemlerine izin veriliyor
0x003E	0x178B      	BSF        INTCON, 7
;interrupt_app2_odev.c,8 :: 		INTCON.PEIE = 0;          // Cevre ara birimlerinden gellen kesmelere izin verilmiyor
0x003F	0x130B      	BCF        INTCON, 6
;interrupt_app2_odev.c,10 :: 		while(1);
L_main0:
0x0040	0x2840      	GOTO       L_main0
;interrupt_app2_odev.c,11 :: 		}
L_end_main:
0x0041	0x2841      	GOTO       $+0
; end of _main
Symbol List:
//** Routines locations **
//ADDRESS    SIZE    PROCEDURE
//----------------------------------------------
0x0004      [50]    _interrupt
0x0036      [12]    _main
//** Variables locations ** 
//ADDRESS    SIZE    VARIABLE
//----------------------------------------------
0x0000       [1]    INDF
0x0003       [1]    STATUS
0x0004       [1]    FSR
0x0006       [1]    PORTB
0x000A       [1]    PCLATH
0x000B       [1]    INTCON
0x0020       [2]    ___DoICPAddr
0x0022       [1]    ___savePCLATH
0x0023       [1]    ___saveSTATUS
0x0070       [1]    R0
0x0071       [1]    R1
0x0072       [1]    R2
0x0073       [1]    R3
0x0074       [1]    R4
0x0075       [1]    R5
0x0076       [1]    R6
0x0077       [1]    R7
0x0078       [1]    R8
0x0079       [1]    R9
0x007A       [1]    R10
0x007B       [1]    R11
0x007C       [1]    R12
0x007D       [1]    R13
0x007E       [1]    R14
0x007F       [1]    R15
0x0086       [1]    TRISB
